<?xml version="1.0" encoding="UTF-8"?>
<testsuite xmlns:xsi="http://www.w3.org/2001/XMLSchema-instance" xsi:schemaLocation="https://maven.apache.org/surefire/maven-surefire-plugin/xsd/surefire-test-report.xsd" name="TestSuite" time="23.052" tests="87" errors="0" skipped="0" failures="0">
  <properties>
[...]
</properties>
  <testcase name="testOnMessageTestException on testOnMessageTestException(com.acn.avs.unicast.message.UnicastJmsMessageListenerTest)" classname="com.acn.avs.unicast.message.UnicastJmsMessageListenerTest" time="0.045"/>
  <testcase name="testOnMessage on testOnMessage(com.acn.avs.unicast.message.UnicastJmsMessageListenerTest)" classname="com.acn.avs.unicast.message.UnicastJmsMessageListenerTest" time="0.015"/>
  <testcase name="testOnMessage1 on testOnMessage1(com.acn.avs.unicast.message.UnicastJmsMessageListenerTest)" classname="com.acn.avs.unicast.message.UnicastJmsMessageListenerTest" time="0.005"/>
  <testcase name="testOnMessage2 on testOnMessage2(com.acn.avs.unicast.message.UnicastJmsMessageListenerTest)" classname="com.acn.avs.unicast.message.UnicastJmsMessageListenerTest" time="0.007"/>
  <testcase name="testOnMessage4 on testOnMessage4(com.acn.avs.unicast.message.UnicastJmsMessageListenerTest)" classname="com.acn.avs.unicast.message.UnicastJmsMessageListenerTest" time="0.005"/>
  <testcase name="testOnMessage5 on testOnMessage5(com.acn.avs.unicast.message.UnicastJmsMessageListenerTest)" classname="com.acn.avs.unicast.message.UnicastJmsMessageListenerTest" time="0.005"/>
  <testcase name="testNotifyWithTriggerMessageWithException on testNotifyWithTriggerMessageWithException(com.acn.avs.unicast.service.impl.TqsNotifierServiceImplTest)" classname="com.acn.avs.unicast.service.impl.TqsNotifierServiceImplTest" time="0.015"/>
  <testcase name="testNotifyObj on testNotifyObj(com.acn.avs.unicast.service.impl.TqsNotifierServiceImplTest)" classname="com.acn.avs.unicast.service.impl.TqsNotifierServiceImplTest" time="0.012"/>
  <testcase name="testNotifyWithTriggerMessage on testNotifyWithTriggerMessage(com.acn.avs.unicast.service.impl.TqsNotifierServiceImplTest)" classname="com.acn.avs.unicast.service.impl.TqsNotifierServiceImplTest" time="0.005"/>
  <testcase name="testNotifyObjWithNullUrl on testNotifyObjWithNullUrl(com.acn.avs.unicast.service.impl.TqsNotifierServiceImplTest)" classname="com.acn.avs.unicast.service.impl.TqsNotifierServiceImplTest" time="0.004"/>
  <testcase name="testNotifyObjWithException on testNotifyObjWithException(com.acn.avs.unicast.service.impl.TqsNotifierServiceImplTest)" classname="com.acn.avs.unicast.service.impl.TqsNotifierServiceImplTest" time="0.005"/>
  <testcase name="testRetryCount on testRetryCount(com.acn.avs.unicast.util.UnicastBackGroundExecuterTest)" classname="com.acn.avs.unicast.util.UnicastBackGroundExecuterTest" time="0.004"/>
  <testcase name="testProcess on testProcess(com.acn.avs.unicast.util.UnicastBackGroundExecuterTest)" classname="com.acn.avs.unicast.util.UnicastBackGroundExecuterTest" time="0.005"/>
  <testcase name="testProcess2 on testProcess2(com.acn.avs.unicast.util.UnicastBackGroundExecuterTest)" classname="com.acn.avs.unicast.util.UnicastBackGroundExecuterTest" time="0.006"/>
  <testcase name="testProcessWithTrigger on testProcessWithTrigger(com.acn.avs.unicast.util.UnicastBackGroundExecuterTest)" classname="com.acn.avs.unicast.util.UnicastBackGroundExecuterTest" time="0.006"/>
  <testcase name="testServiceId on testServiceId(com.acn.avs.unicast.util.UnicastBackGroundExecuterTest)" classname="com.acn.avs.unicast.util.UnicastBackGroundExecuterTest" time="0.026"/>
  <testcase name="testProcessWithTrigger2 on testProcessWithTrigger2(com.acn.avs.unicast.util.UnicastBackGroundExecuterTest)" classname="com.acn.avs.unicast.util.UnicastBackGroundExecuterTest" time="0"/>
  <testcase name="testProcessWithTrigger3 on testProcessWithTrigger3(com.acn.avs.unicast.util.UnicastBackGroundExecuterTest)" classname="com.acn.avs.unicast.util.UnicastBackGroundExecuterTest" time="0.001"/>
  <testcase name="testPersistMessagesAndInitiateScheduler1 on testPersistMessagesAndInitiateScheduler1(com.acn.avs.unicast.util.UnicastBackGroundExecuterTest)" classname="com.acn.avs.unicast.util.UnicastBackGroundExecuterTest" time="0"/>
  <testcase name="testPersistMessagesAndInitiateScheduler2 on testPersistMessagesAndInitiateScheduler2(com.acn.avs.unicast.util.UnicastBackGroundExecuterTest)" classname="com.acn.avs.unicast.util.UnicastBackGroundExecuterTest" time="0.001"/>
  <testcase name="testTriggerMessagePresisted on testTriggerMessagePresisted(com.acn.avs.unicast.util.UnicastBackGroundExecuterTest)" classname="com.acn.avs.unicast.util.UnicastBackGroundExecuterTest" time="0.001"/>
  <testcase name="testPersistMessagesAndInitiateScheduler on testPersistMessagesAndInitiateScheduler(com.acn.avs.unicast.util.UnicastBackGroundExecuterTest)" classname="com.acn.avs.unicast.util.UnicastBackGroundExecuterTest" time="0.001"/>
  <testcase name="testUnicastRequestValidationException on testUnicastRequestValidationException(com.acn.avs.unicast.util.UnicastRequestValidatorTest)" classname="com.acn.avs.unicast.util.UnicastRequestValidatorTest" time="0.007"/>
  <testcase name="testValidateMacAddress on testValidateMacAddress(com.acn.avs.unicast.util.UnicastRequestValidatorTest)" classname="com.acn.avs.unicast.util.UnicastRequestValidatorTest" time="0.01"/>
  <testcase name="testValidateLength on testValidateLength(com.acn.avs.unicast.util.UnicastRequestValidatorTest)" classname="com.acn.avs.unicast.util.UnicastRequestValidatorTest" time="0.003"/>
  <testcase name="testTriggerInfoValidation on testTriggerInfoValidation(com.acn.avs.unicast.util.UnicastRequestValidatorTest)" classname="com.acn.avs.unicast.util.UnicastRequestValidatorTest" time="0.003"/>
  <testcase name="testValidate10 on testValidate10(com.acn.avs.unicast.util.UnicastRequestValidatorTest)" classname="com.acn.avs.unicast.util.UnicastRequestValidatorTest" time="0.003"/>
  <testcase name="testValidate11 on testValidate11(com.acn.avs.unicast.util.UnicastRequestValidatorTest)" classname="com.acn.avs.unicast.util.UnicastRequestValidatorTest" time="0.003"/>
  <testcase name="testValidate12 on testValidate12(com.acn.avs.unicast.util.UnicastRequestValidatorTest)" classname="com.acn.avs.unicast.util.UnicastRequestValidatorTest" time="0.077"/>
  <testcase name="testValidate13 on testValidate13(com.acn.avs.unicast.util.UnicastRequestValidatorTest)" classname="com.acn.avs.unicast.util.UnicastRequestValidatorTest" time="0.001"/>
  <testcase name="testValidate14 on testValidate14(com.acn.avs.unicast.util.UnicastRequestValidatorTest)" classname="com.acn.avs.unicast.util.UnicastRequestValidatorTest" time="0.001"/>
  <testcase name="testValidate15 on testValidate15(com.acn.avs.unicast.util.UnicastRequestValidatorTest)" classname="com.acn.avs.unicast.util.UnicastRequestValidatorTest" time="0.001"/>
  <testcase name="testValidate8WithFalseTrigger on testValidate8WithFalseTrigger(com.acn.avs.unicast.util.UnicastRequestValidatorTest)" classname="com.acn.avs.unicast.util.UnicastRequestValidatorTest" time="0.001"/>
  <testcase name="testValidate on testValidate(com.acn.avs.unicast.util.UnicastRequestValidatorTest)" classname="com.acn.avs.unicast.util.UnicastRequestValidatorTest" time="0.001"/>
  <testcase name="testValidate2 on testValidate2(com.acn.avs.unicast.util.UnicastRequestValidatorTest)" classname="com.acn.avs.unicast.util.UnicastRequestValidatorTest" time="0.001"/>
  <testcase name="testValidate3 on testValidate3(com.acn.avs.unicast.util.UnicastRequestValidatorTest)" classname="com.acn.avs.unicast.util.UnicastRequestValidatorTest" time="0.001"/>
  <testcase name="testValidate4 on testValidate4(com.acn.avs.unicast.util.UnicastRequestValidatorTest)" classname="com.acn.avs.unicast.util.UnicastRequestValidatorTest" time="0"/>
  <testcase name="testValidate5 on testValidate5(com.acn.avs.unicast.util.UnicastRequestValidatorTest)" classname="com.acn.avs.unicast.util.UnicastRequestValidatorTest" time="0.001"/>
  <testcase name="testValidate7 on testValidate7(com.acn.avs.unicast.util.UnicastRequestValidatorTest)" classname="com.acn.avs.unicast.util.UnicastRequestValidatorTest" time="0.001"/>
  <testcase name="testValidate8 on testValidate8(com.acn.avs.unicast.util.UnicastRequestValidatorTest)" classname="com.acn.avs.unicast.util.UnicastRequestValidatorTest" time="0.132"/>
  <testcase name="testValidate9 on testValidate9(com.acn.avs.unicast.util.UnicastRequestValidatorTest)" classname="com.acn.avs.unicast.util.UnicastRequestValidatorTest" time="0.001"/>
  <testcase name="testValidatorNullValue on testValidatorNullValue(com.acn.avs.unicast.util.UnicastRequestValidatorTest)" classname="com.acn.avs.unicast.util.UnicastRequestValidatorTest" time="0"/>
  <testcase name="testSubscriberIdNumericValidation on testSubscriberIdNumericValidation(com.acn.avs.unicast.util.UnicastRequestValidatorTest)" classname="com.acn.avs.unicast.util.UnicastRequestValidatorTest" time="0.001"/>
  <testcase name="testValidateLength2 on testValidateLength2(com.acn.avs.unicast.util.UnicastRequestValidatorTest)" classname="com.acn.avs.unicast.util.UnicastRequestValidatorTest" time="0.001"/>
  <testcase name="testValidateLength3 on testValidateLength3(com.acn.avs.unicast.util.UnicastRequestValidatorTest)" classname="com.acn.avs.unicast.util.UnicastRequestValidatorTest" time="0"/>
  <testcase name="testValidateStampAfterDate on testValidateStampAfterDate(com.acn.avs.unicast.util.UnicastRequestValidatorTest)" classname="com.acn.avs.unicast.util.UnicastRequestValidatorTest" time="0"/>
  <testcase name="testTriggerTypeValidation on testTriggerTypeValidation(com.acn.avs.unicast.util.UnicastRequestValidatorTest)" classname="com.acn.avs.unicast.util.UnicastRequestValidatorTest" time="0.001"/>
  <testcase name="testTimeStampNumericValidation on testTimeStampNumericValidation(com.acn.avs.unicast.util.UnicastRequestValidatorTest)" classname="com.acn.avs.unicast.util.UnicastRequestValidatorTest" time="0"/>
  <testcase name="testValidateRequest on testValidateRequest(com.acn.avs.unicast.util.UnicastRequestValidatorTest)" classname="com.acn.avs.unicast.util.UnicastRequestValidatorTest" time="0"/>
  <testcase name="testValidate7False on testValidate7False(com.acn.avs.unicast.util.UnicastRequestValidatorTest)" classname="com.acn.avs.unicast.util.UnicastRequestValidatorTest" time="0.148"/>
  <testcase name="testGetTrigger on testGetTrigger(com.acn.avs.unicast.web.rest.controller.unit.UnicastRestControllerUTest)" classname="com.acn.avs.unicast.web.rest.controller.unit.UnicastRestControllerUTest" time="0"/>
  <testcase name="testGetTriggerWithValidateFalse on testGetTriggerWithValidateFalse(com.acn.avs.unicast.web.rest.controller.unit.UnicastRestControllerUTest)" classname="com.acn.avs.unicast.web.rest.controller.unit.UnicastRestControllerUTest" time="0.001"/>
  <testcase name="testNotifyHttp on testNotifyHttp(com.acn.avs.unicast.service.impl.StbNotifierServiceImplTest)" classname="com.acn.avs.unicast.service.impl.StbNotifierServiceImplTest" time="0"/>
  <testcase name="testGetAssignedServiceName on testGetAssignedServiceName(com.acn.avs.unicast.service.impl.StbNotifierServiceImplTest)" classname="com.acn.avs.unicast.service.impl.StbNotifierServiceImplTest" time="0.001"/>
  <testcase name="testGetNotifications2 on testGetNotifications2(com.acn.avs.unicast.service.impl.StbNotifierServiceImplTest)" classname="com.acn.avs.unicast.service.impl.StbNotifierServiceImplTest" time="0"/>
  <testcase name="testGetNotifications3 on testGetNotifications3(com.acn.avs.unicast.service.impl.StbNotifierServiceImplTest)" classname="com.acn.avs.unicast.service.impl.StbNotifierServiceImplTest" time="0"/>
  <testcase name="testGetNotifications4 on testGetNotifications4(com.acn.avs.unicast.service.impl.StbNotifierServiceImplTest)" classname="com.acn.avs.unicast.service.impl.StbNotifierServiceImplTest" time="0"/>
  <testcase name="testNotifyTcp on testNotifyTcp(com.acn.avs.unicast.service.impl.StbNotifierServiceImplTest)" classname="com.acn.avs.unicast.service.impl.StbNotifierServiceImplTest" time="1.94"/>
  <testcase name="testNotifyUdp on testNotifyUdp(com.acn.avs.unicast.service.impl.StbNotifierServiceImplTest)" classname="com.acn.avs.unicast.service.impl.StbNotifierServiceImplTest" time="0.022"/>
  <testcase name="testNotifyTcpException on testNotifyTcpException(com.acn.avs.unicast.service.impl.StbNotifierServiceImplTest)" classname="com.acn.avs.unicast.service.impl.StbNotifierServiceImplTest" time="2.011"/>
  <testcase name="testInitializeInetConnection on testInitializeInetConnection(com.acn.avs.unicast.service.impl.StbNotifierServiceImplTest)" classname="com.acn.avs.unicast.service.impl.StbNotifierServiceImplTest" time="0.01"/>
  <testcase name="testGetSetTopBoxes on testGetSetTopBoxes(com.acn.avs.unicast.service.impl.StbNotifierServiceImplTest)" classname="com.acn.avs.unicast.service.impl.StbNotifierServiceImplTest" time="0.01"/>
  <testcase name="testGetNotifications on testGetNotifications(com.acn.avs.unicast.service.impl.StbNotifierServiceImplTest)" classname="com.acn.avs.unicast.service.impl.StbNotifierServiceImplTest" time="0.004"/>
  <testcase name="testGetAssignedServiceName2 on testGetAssignedServiceName2(com.acn.avs.unicast.service.impl.StbNotifierServiceImplTest)" classname="com.acn.avs.unicast.service.impl.StbNotifierServiceImplTest" time="0.01"/>
  <testcase name="testGetSetTopBoxes2 on testGetSetTopBoxes2(com.acn.avs.unicast.repository.impl.StbRepositoryImplTest)" classname="com.acn.avs.unicast.repository.impl.StbRepositoryImplTest" time="0.143"/>
  <testcase name="testGetSetTopBoxWithSourceMacAddress2 on testGetSetTopBoxWithSourceMacAddress2(com.acn.avs.unicast.repository.impl.StbRepositoryImplTest)" classname="com.acn.avs.unicast.repository.impl.StbRepositoryImplTest" time="0.015"/>
  <testcase name="testGetSetTopBoxWithSourceMacAddress3 on testGetSetTopBoxWithSourceMacAddress3(com.acn.avs.unicast.repository.impl.StbRepositoryImplTest)" classname="com.acn.avs.unicast.repository.impl.StbRepositoryImplTest" time="0.011"/>
  <testcase name="testGetSetTopBoxWithSourceMacAddress4 on testGetSetTopBoxWithSourceMacAddress4(com.acn.avs.unicast.repository.impl.StbRepositoryImplTest)" classname="com.acn.avs.unicast.repository.impl.StbRepositoryImplTest" time="0.011"/>
  <testcase name="testGetSetTopBoxWithSourceMacAddress5 on testGetSetTopBoxWithSourceMacAddress5(com.acn.avs.unicast.repository.impl.StbRepositoryImplTest)" classname="com.acn.avs.unicast.repository.impl.StbRepositoryImplTest" time="0.01"/>
  <testcase name="testGetSetTopBoxWithSourceMacAddress6 on testGetSetTopBoxWithSourceMacAddress6(com.acn.avs.unicast.repository.impl.StbRepositoryImplTest)" classname="com.acn.avs.unicast.repository.impl.StbRepositoryImplTest" time="0.01"/>
  <testcase name="testGetSetTopBoxes on testGetSetTopBoxes(com.acn.avs.unicast.repository.impl.StbRepositoryImplTest)" classname="com.acn.avs.unicast.repository.impl.StbRepositoryImplTest" time="0.016"/>
  <testcase name="testServiceIdHardwareValidate2 on testServiceIdHardwareValidate2(com.acn.avs.unicast.repository.impl.StbRepositoryImplTest)" classname="com.acn.avs.unicast.repository.impl.StbRepositoryImplTest" time="0.027"/>
  <testcase name="testServiceIdHardwareValidate3 on testServiceIdHardwareValidate3(com.acn.avs.unicast.repository.impl.StbRepositoryImplTest)" classname="com.acn.avs.unicast.repository.impl.StbRepositoryImplTest" time="0.012"/>
  <testcase name="testServiceIdHardwareValidate4 on testServiceIdHardwareValidate4(com.acn.avs.unicast.repository.impl.StbRepositoryImplTest)" classname="com.acn.avs.unicast.repository.impl.StbRepositoryImplTest" time="0.01"/>
  <testcase name="testServiceIdHardwareValidate5 on testServiceIdHardwareValidate5(com.acn.avs.unicast.repository.impl.StbRepositoryImplTest)" classname="com.acn.avs.unicast.repository.impl.StbRepositoryImplTest" time="0.01"/>
  <testcase name="testServiceIdHardwareValidate6 on testServiceIdHardwareValidate6(com.acn.avs.unicast.repository.impl.StbRepositoryImplTest)" classname="com.acn.avs.unicast.repository.impl.StbRepositoryImplTest" time="0.01"/>
  <testcase name="testServiceIdHardwareValidate7 on testServiceIdHardwareValidate7(com.acn.avs.unicast.repository.impl.StbRepositoryImplTest)" classname="com.acn.avs.unicast.repository.impl.StbRepositoryImplTest" time="0.01"/>
  <testcase name="testServiceIdHardwareValidate8 on testServiceIdHardwareValidate8(com.acn.avs.unicast.repository.impl.StbRepositoryImplTest)" classname="com.acn.avs.unicast.repository.impl.StbRepositoryImplTest" time="0.011"/>
  <testcase name="testServiceIdHardwareValidate9 on testServiceIdHardwareValidate9(com.acn.avs.unicast.repository.impl.StbRepositoryImplTest)" classname="com.acn.avs.unicast.repository.impl.StbRepositoryImplTest" time="0.01"/>
  <testcase name="testGetSetTopBoxesWithMacList on testGetSetTopBoxesWithMacList(com.acn.avs.unicast.repository.impl.StbRepositoryImplTest)" classname="com.acn.avs.unicast.repository.impl.StbRepositoryImplTest" time="0.02"/>
  <testcase name="testGetSetTopBoxPortAndProtocol2 on testGetSetTopBoxPortAndProtocol2(com.acn.avs.unicast.repository.impl.StbRepositoryImplTest)" classname="com.acn.avs.unicast.repository.impl.StbRepositoryImplTest" time="0.013"/>
  <testcase name="testGetSetTopBoxPortAndProtocol on testGetSetTopBoxPortAndProtocol(com.acn.avs.unicast.repository.impl.StbRepositoryImplTest)" classname="com.acn.avs.unicast.repository.impl.StbRepositoryImplTest" time="0.011"/>
  <testcase name="testGetSetTopBoxWithSourceMacAddress on testGetSetTopBoxWithSourceMacAddress(com.acn.avs.unicast.repository.impl.StbRepositoryImplTest)" classname="com.acn.avs.unicast.repository.impl.StbRepositoryImplTest" time="0.012"/>
  <testcase name="testGetSetTopBoxesWithMacList2 on testGetSetTopBoxesWithMacList2(com.acn.avs.unicast.repository.impl.StbRepositoryImplTest)" classname="com.acn.avs.unicast.repository.impl.StbRepositoryImplTest" time="0.011"/>
  <testcase name="testGetSetTopBoxesWithMacList3 on testGetSetTopBoxesWithMacList3(com.acn.avs.unicast.repository.impl.StbRepositoryImplTest)" classname="com.acn.avs.unicast.repository.impl.StbRepositoryImplTest" time="0.012"/>
  <testcase name="testServiceIdHardwareValidate on testServiceIdHardwareValidate(com.acn.avs.unicast.repository.impl.StbRepositoryImplTest)" classname="com.acn.avs.unicast.repository.impl.StbRepositoryImplTest" time="0.01"/>
  <testcase name="testConnectionIdForImplicitNAT on testConnectionIdForImplicitNAT(com.acn.avs.unicast.repository.impl.StbRepositoryImplTest)" classname="com.acn.avs.unicast.repository.impl.StbRepositoryImplTest" time="0.01"/>
</testsuite>