<?xml version="1.0" encoding="UTF-8"?>
<!-- Generated by org.testng.reporters.JUnitXMLReporter -->
<testsuite hostname="dev-c1gf-manoj" name="Surefire test" tests="87" failures="0" timestamp="28 Jul 2017 09:10:56 GMT" time="21.588" errors="0">
  <testcase name="testOnMessageTestException on testOnMessageTestException(com.acn.avs.unicast.message.UnicastJmsMessageListenerTest)" time="0.046" classname="com.acn.avs.unicast.message.UnicastJmsMessageListenerTest"/>
  <testcase name="testOnMessage on testOnMessage(com.acn.avs.unicast.message.UnicastJmsMessageListenerTest)" time="0.015" classname="com.acn.avs.unicast.message.UnicastJmsMessageListenerTest"/>
  <testcase name="testOnMessage1 on testOnMessage1(com.acn.avs.unicast.message.UnicastJmsMessageListenerTest)" time="0.005" classname="com.acn.avs.unicast.message.UnicastJmsMessageListenerTest"/>
  <testcase name="testOnMessage2 on testOnMessage2(com.acn.avs.unicast.message.UnicastJmsMessageListenerTest)" time="0.006" classname="com.acn.avs.unicast.message.UnicastJmsMessageListenerTest"/>
  <testcase name="testOnMessage4 on testOnMessage4(com.acn.avs.unicast.message.UnicastJmsMessageListenerTest)" time="0.006" classname="com.acn.avs.unicast.message.UnicastJmsMessageListenerTest"/>
  <testcase name="testOnMessage5 on testOnMessage5(com.acn.avs.unicast.message.UnicastJmsMessageListenerTest)" time="0.005" classname="com.acn.avs.unicast.message.UnicastJmsMessageListenerTest"/>
  <testcase name="testNotifyWithTriggerMessageWithException on testNotifyWithTriggerMessageWithException(com.acn.avs.unicast.service.impl.TqsNotifierServiceImplTest)" time="0.015" classname="com.acn.avs.unicast.service.impl.TqsNotifierServiceImplTest"/>
  <testcase name="testNotifyObj on testNotifyObj(com.acn.avs.unicast.service.impl.TqsNotifierServiceImplTest)" time="0.012" classname="com.acn.avs.unicast.service.impl.TqsNotifierServiceImplTest"/>
  <testcase name="testNotifyWithTriggerMessage on testNotifyWithTriggerMessage(com.acn.avs.unicast.service.impl.TqsNotifierServiceImplTest)" time="0.005" classname="com.acn.avs.unicast.service.impl.TqsNotifierServiceImplTest"/>
  <testcase name="testNotifyObjWithNullUrl on testNotifyObjWithNullUrl(com.acn.avs.unicast.service.impl.TqsNotifierServiceImplTest)" time="0.004" classname="com.acn.avs.unicast.service.impl.TqsNotifierServiceImplTest"/>
  <testcase name="testNotifyObjWithException on testNotifyObjWithException(com.acn.avs.unicast.service.impl.TqsNotifierServiceImplTest)" time="0.005" classname="com.acn.avs.unicast.service.impl.TqsNotifierServiceImplTest"/>
  <testcase name="testRetryCount on testRetryCount(com.acn.avs.unicast.util.UnicastBackGroundExecuterTest)" time="0.005" classname="com.acn.avs.unicast.util.UnicastBackGroundExecuterTest"/>
  <testcase name="testProcess on testProcess(com.acn.avs.unicast.util.UnicastBackGroundExecuterTest)" time="0.006" classname="com.acn.avs.unicast.util.UnicastBackGroundExecuterTest"/>
  <testcase name="testProcess2 on testProcess2(com.acn.avs.unicast.util.UnicastBackGroundExecuterTest)" time="0.005" classname="com.acn.avs.unicast.util.UnicastBackGroundExecuterTest"/>
  <testcase name="testProcessWithTrigger on testProcessWithTrigger(com.acn.avs.unicast.util.UnicastBackGroundExecuterTest)" time="0.005" classname="com.acn.avs.unicast.util.UnicastBackGroundExecuterTest"/>
  <testcase name="testServiceId on testServiceId(com.acn.avs.unicast.util.UnicastBackGroundExecuterTest)" time="0.005" classname="com.acn.avs.unicast.util.UnicastBackGroundExecuterTest"/>
  <testcase name="testProcessWithTrigger2 on testProcessWithTrigger2(com.acn.avs.unicast.util.UnicastBackGroundExecuterTest)" time="0.006" classname="com.acn.avs.unicast.util.UnicastBackGroundExecuterTest"/>
  <testcase name="testProcessWithTrigger3 on testProcessWithTrigger3(com.acn.avs.unicast.util.UnicastBackGroundExecuterTest)" time="0.005" classname="com.acn.avs.unicast.util.UnicastBackGroundExecuterTest"/>
  <testcase name="testPersistMessagesAndInitiateScheduler1 on testPersistMessagesAndInitiateScheduler1(com.acn.avs.unicast.util.UnicastBackGroundExecuterTest)" time="0.003" classname="com.acn.avs.unicast.util.UnicastBackGroundExecuterTest"/>
  <testcase name="testPersistMessagesAndInitiateScheduler2 on testPersistMessagesAndInitiateScheduler2(com.acn.avs.unicast.util.UnicastBackGroundExecuterTest)" time="0.006" classname="com.acn.avs.unicast.util.UnicastBackGroundExecuterTest"/>
  <testcase name="testTriggerMessagePresisted on testTriggerMessagePresisted(com.acn.avs.unicast.util.UnicastBackGroundExecuterTest)" time="0.004" classname="com.acn.avs.unicast.util.UnicastBackGroundExecuterTest"/>
  <testcase name="testPersistMessagesAndInitiateScheduler on testPersistMessagesAndInitiateScheduler(com.acn.avs.unicast.util.UnicastBackGroundExecuterTest)" time="0.004" classname="com.acn.avs.unicast.util.UnicastBackGroundExecuterTest"/>
  <testcase name="testUnicastRequestValidationException on testUnicastRequestValidationException(com.acn.avs.unicast.util.UnicastRequestValidatorTest)" time="0.007" classname="com.acn.avs.unicast.util.UnicastRequestValidatorTest"/>
  <testcase name="testValidateMacAddress on testValidateMacAddress(com.acn.avs.unicast.util.UnicastRequestValidatorTest)" time="0.01" classname="com.acn.avs.unicast.util.UnicastRequestValidatorTest"/>
  <testcase name="testValidateLength on testValidateLength(com.acn.avs.unicast.util.UnicastRequestValidatorTest)" time="0.004" classname="com.acn.avs.unicast.util.UnicastRequestValidatorTest"/>
  <testcase name="testTriggerInfoValidation on testTriggerInfoValidation(com.acn.avs.unicast.util.UnicastRequestValidatorTest)" time="0.003" classname="com.acn.avs.unicast.util.UnicastRequestValidatorTest"/>
  <testcase name="testValidate10 on testValidate10(com.acn.avs.unicast.util.UnicastRequestValidatorTest)" time="0.003" classname="com.acn.avs.unicast.util.UnicastRequestValidatorTest"/>
  <testcase name="testValidate11 on testValidate11(com.acn.avs.unicast.util.UnicastRequestValidatorTest)" time="0.003" classname="com.acn.avs.unicast.util.UnicastRequestValidatorTest"/>
  <testcase name="testValidate12 on testValidate12(com.acn.avs.unicast.util.UnicastRequestValidatorTest)" time="0.004" classname="com.acn.avs.unicast.util.UnicastRequestValidatorTest"/>
  <testcase name="testValidate13 on testValidate13(com.acn.avs.unicast.util.UnicastRequestValidatorTest)" time="0.005" classname="com.acn.avs.unicast.util.UnicastRequestValidatorTest"/>
  <testcase name="testValidate14 on testValidate14(com.acn.avs.unicast.util.UnicastRequestValidatorTest)" time="0.003" classname="com.acn.avs.unicast.util.UnicastRequestValidatorTest"/>
  <testcase name="testValidate15 on testValidate15(com.acn.avs.unicast.util.UnicastRequestValidatorTest)" time="0.003" classname="com.acn.avs.unicast.util.UnicastRequestValidatorTest"/>
  <testcase name="testValidate8WithFalseTrigger on testValidate8WithFalseTrigger(com.acn.avs.unicast.util.UnicastRequestValidatorTest)" time="0.003" classname="com.acn.avs.unicast.util.UnicastRequestValidatorTest"/>
  <testcase name="testValidate on testValidate(com.acn.avs.unicast.util.UnicastRequestValidatorTest)" time="0.002" classname="com.acn.avs.unicast.util.UnicastRequestValidatorTest"/>
  <testcase name="testValidate2 on testValidate2(com.acn.avs.unicast.util.UnicastRequestValidatorTest)" time="0.002" classname="com.acn.avs.unicast.util.UnicastRequestValidatorTest"/>
  <testcase name="testValidate3 on testValidate3(com.acn.avs.unicast.util.UnicastRequestValidatorTest)" time="0.003" classname="com.acn.avs.unicast.util.UnicastRequestValidatorTest"/>
  <testcase name="testValidate4 on testValidate4(com.acn.avs.unicast.util.UnicastRequestValidatorTest)" time="0.003" classname="com.acn.avs.unicast.util.UnicastRequestValidatorTest"/>
  <testcase name="testValidate5 on testValidate5(com.acn.avs.unicast.util.UnicastRequestValidatorTest)" time="0.003" classname="com.acn.avs.unicast.util.UnicastRequestValidatorTest"/>
  <testcase name="testValidate7 on testValidate7(com.acn.avs.unicast.util.UnicastRequestValidatorTest)" time="0.003" classname="com.acn.avs.unicast.util.UnicastRequestValidatorTest"/>
  <testcase name="testValidate8 on testValidate8(com.acn.avs.unicast.util.UnicastRequestValidatorTest)" time="0.003" classname="com.acn.avs.unicast.util.UnicastRequestValidatorTest"/>
  <testcase name="testValidate9 on testValidate9(com.acn.avs.unicast.util.UnicastRequestValidatorTest)" time="0.003" classname="com.acn.avs.unicast.util.UnicastRequestValidatorTest"/>
  <testcase name="testValidatorNullValue on testValidatorNullValue(com.acn.avs.unicast.util.UnicastRequestValidatorTest)" time="0.003" classname="com.acn.avs.unicast.util.UnicastRequestValidatorTest"/>
  <testcase name="testSubscriberIdNumericValidation on testSubscriberIdNumericValidation(com.acn.avs.unicast.util.UnicastRequestValidatorTest)" time="0.005" classname="com.acn.avs.unicast.util.UnicastRequestValidatorTest"/>
  <testcase name="testValidateLength2 on testValidateLength2(com.acn.avs.unicast.util.UnicastRequestValidatorTest)" time="0.003" classname="com.acn.avs.unicast.util.UnicastRequestValidatorTest"/>
  <testcase name="testValidateLength3 on testValidateLength3(com.acn.avs.unicast.util.UnicastRequestValidatorTest)" time="0.003" classname="com.acn.avs.unicast.util.UnicastRequestValidatorTest"/>
  <testcase name="testValidateStampAfterDate on testValidateStampAfterDate(com.acn.avs.unicast.util.UnicastRequestValidatorTest)" time="0.003" classname="com.acn.avs.unicast.util.UnicastRequestValidatorTest"/>
  <testcase name="testTriggerTypeValidation on testTriggerTypeValidation(com.acn.avs.unicast.util.UnicastRequestValidatorTest)" time="0.004" classname="com.acn.avs.unicast.util.UnicastRequestValidatorTest"/>
  <testcase name="testTimeStampNumericValidation on testTimeStampNumericValidation(com.acn.avs.unicast.util.UnicastRequestValidatorTest)" time="0.003" classname="com.acn.avs.unicast.util.UnicastRequestValidatorTest"/>
  <testcase name="testValidateRequest on testValidateRequest(com.acn.avs.unicast.util.UnicastRequestValidatorTest)" time="0.004" classname="com.acn.avs.unicast.util.UnicastRequestValidatorTest"/>
  <testcase name="testValidate7False on testValidate7False(com.acn.avs.unicast.util.UnicastRequestValidatorTest)" time="0.002" classname="com.acn.avs.unicast.util.UnicastRequestValidatorTest"/>
  <testcase name="testGetTrigger on testGetTrigger(com.acn.avs.unicast.web.rest.controller.unit.UnicastRestControllerUTest)" time="0.004" classname="com.acn.avs.unicast.web.rest.controller.unit.UnicastRestControllerUTest"/>
  <testcase name="testGetTriggerWithValidateFalse on testGetTriggerWithValidateFalse(com.acn.avs.unicast.web.rest.controller.unit.UnicastRestControllerUTest)" time="0.003" classname="com.acn.avs.unicast.web.rest.controller.unit.UnicastRestControllerUTest"/>
  <testcase name="testNotifyHttp on testNotifyHttp(com.acn.avs.unicast.service.impl.StbNotifierServiceImplTest)" time="0.019" classname="com.acn.avs.unicast.service.impl.StbNotifierServiceImplTest"/>
  <testcase name="testGetAssignedServiceName on testGetAssignedServiceName(com.acn.avs.unicast.service.impl.StbNotifierServiceImplTest)" time="0.002" classname="com.acn.avs.unicast.service.impl.StbNotifierServiceImplTest"/>
  <testcase name="testGetNotifications2 on testGetNotifications2(com.acn.avs.unicast.service.impl.StbNotifierServiceImplTest)" time="0.003" classname="com.acn.avs.unicast.service.impl.StbNotifierServiceImplTest"/>
  <testcase name="testGetNotifications3 on testGetNotifications3(com.acn.avs.unicast.service.impl.StbNotifierServiceImplTest)" time="0.003" classname="com.acn.avs.unicast.service.impl.StbNotifierServiceImplTest"/>
  <testcase name="testGetNotifications4 on testGetNotifications4(com.acn.avs.unicast.service.impl.StbNotifierServiceImplTest)" time="0.002" classname="com.acn.avs.unicast.service.impl.StbNotifierServiceImplTest"/>
  <testcase name="testNotifyTcp on testNotifyTcp(com.acn.avs.unicast.service.impl.StbNotifierServiceImplTest)" time="2.013" classname="com.acn.avs.unicast.service.impl.StbNotifierServiceImplTest"/>
  <testcase name="testNotifyUdp on testNotifyUdp(com.acn.avs.unicast.service.impl.StbNotifierServiceImplTest)" time="0.022" classname="com.acn.avs.unicast.service.impl.StbNotifierServiceImplTest"/>
  <testcase name="testNotifyTcpException on testNotifyTcpException(com.acn.avs.unicast.service.impl.StbNotifierServiceImplTest)" time="2.01" classname="com.acn.avs.unicast.service.impl.StbNotifierServiceImplTest"/>
  <testcase name="testInitializeInetConnection on testInitializeInetConnection(com.acn.avs.unicast.service.impl.StbNotifierServiceImplTest)" time="0.01" classname="com.acn.avs.unicast.service.impl.StbNotifierServiceImplTest"/>
  <testcase name="testGetSetTopBoxes on testGetSetTopBoxes(com.acn.avs.unicast.service.impl.StbNotifierServiceImplTest)" time="0.01" classname="com.acn.avs.unicast.service.impl.StbNotifierServiceImplTest"/>
  <testcase name="testGetNotifications on testGetNotifications(com.acn.avs.unicast.service.impl.StbNotifierServiceImplTest)" time="0.004" classname="com.acn.avs.unicast.service.impl.StbNotifierServiceImplTest"/>
  <testcase name="testGetAssignedServiceName2 on testGetAssignedServiceName2(com.acn.avs.unicast.service.impl.StbNotifierServiceImplTest)" time="0.01" classname="com.acn.avs.unicast.service.impl.StbNotifierServiceImplTest"/>
  <testcase name="testGetSetTopBoxes2 on testGetSetTopBoxes2(com.acn.avs.unicast.repository.impl.StbRepositoryImplTest)" time="0.144" classname="com.acn.avs.unicast.repository.impl.StbRepositoryImplTest"/>
  <testcase name="testGetSetTopBoxWithSourceMacAddress2 on testGetSetTopBoxWithSourceMacAddress2(com.acn.avs.unicast.repository.impl.StbRepositoryImplTest)" time="0.015" classname="com.acn.avs.unicast.repository.impl.StbRepositoryImplTest"/>
  <testcase name="testGetSetTopBoxWithSourceMacAddress3 on testGetSetTopBoxWithSourceMacAddress3(com.acn.avs.unicast.repository.impl.StbRepositoryImplTest)" time="0.012" classname="com.acn.avs.unicast.repository.impl.StbRepositoryImplTest"/>
  <testcase name="testGetSetTopBoxWithSourceMacAddress4 on testGetSetTopBoxWithSourceMacAddress4(com.acn.avs.unicast.repository.impl.StbRepositoryImplTest)" time="0.011" classname="com.acn.avs.unicast.repository.impl.StbRepositoryImplTest"/>
  <testcase name="testGetSetTopBoxWithSourceMacAddress5 on testGetSetTopBoxWithSourceMacAddress5(com.acn.avs.unicast.repository.impl.StbRepositoryImplTest)" time="0.01" classname="com.acn.avs.unicast.repository.impl.StbRepositoryImplTest"/>
  <testcase name="testGetSetTopBoxWithSourceMacAddress6 on testGetSetTopBoxWithSourceMacAddress6(com.acn.avs.unicast.repository.impl.StbRepositoryImplTest)" time="0.011" classname="com.acn.avs.unicast.repository.impl.StbRepositoryImplTest"/>
  <testcase name="testGetSetTopBoxes on testGetSetTopBoxes(com.acn.avs.unicast.repository.impl.StbRepositoryImplTest)" time="0.016" classname="com.acn.avs.unicast.repository.impl.StbRepositoryImplTest"/>
  <testcase name="testServiceIdHardwareValidate2 on testServiceIdHardwareValidate2(com.acn.avs.unicast.repository.impl.StbRepositoryImplTest)" time="0.027" classname="com.acn.avs.unicast.repository.impl.StbRepositoryImplTest"/>
  <testcase name="testServiceIdHardwareValidate3 on testServiceIdHardwareValidate3(com.acn.avs.unicast.repository.impl.StbRepositoryImplTest)" time="0.012" classname="com.acn.avs.unicast.repository.impl.StbRepositoryImplTest"/>
  <testcase name="testServiceIdHardwareValidate4 on testServiceIdHardwareValidate4(com.acn.avs.unicast.repository.impl.StbRepositoryImplTest)" time="0.01" classname="com.acn.avs.unicast.repository.impl.StbRepositoryImplTest"/>
  <testcase name="testServiceIdHardwareValidate5 on testServiceIdHardwareValidate5(com.acn.avs.unicast.repository.impl.StbRepositoryImplTest)" time="0.01" classname="com.acn.avs.unicast.repository.impl.StbRepositoryImplTest"/>
  <testcase name="testServiceIdHardwareValidate6 on testServiceIdHardwareValidate6(com.acn.avs.unicast.repository.impl.StbRepositoryImplTest)" time="0.01" classname="com.acn.avs.unicast.repository.impl.StbRepositoryImplTest"/>
  <testcase name="testServiceIdHardwareValidate7 on testServiceIdHardwareValidate7(com.acn.avs.unicast.repository.impl.StbRepositoryImplTest)" time="0.01" classname="com.acn.avs.unicast.repository.impl.StbRepositoryImplTest"/>
  <testcase name="testServiceIdHardwareValidate8 on testServiceIdHardwareValidate8(com.acn.avs.unicast.repository.impl.StbRepositoryImplTest)" time="0.012" classname="com.acn.avs.unicast.repository.impl.StbRepositoryImplTest"/>
  <testcase name="testServiceIdHardwareValidate9 on testServiceIdHardwareValidate9(com.acn.avs.unicast.repository.impl.StbRepositoryImplTest)" time="0.011" classname="com.acn.avs.unicast.repository.impl.StbRepositoryImplTest"/>
  <testcase name="testGetSetTopBoxesWithMacList on testGetSetTopBoxesWithMacList(com.acn.avs.unicast.repository.impl.StbRepositoryImplTest)" time="0.02" classname="com.acn.avs.unicast.repository.impl.StbRepositoryImplTest"/>
  <testcase name="testGetSetTopBoxPortAndProtocol2 on testGetSetTopBoxPortAndProtocol2(com.acn.avs.unicast.repository.impl.StbRepositoryImplTest)" time="0.014" classname="com.acn.avs.unicast.repository.impl.StbRepositoryImplTest"/>
  <testcase name="testGetSetTopBoxPortAndProtocol on testGetSetTopBoxPortAndProtocol(com.acn.avs.unicast.repository.impl.StbRepositoryImplTest)" time="0.011" classname="com.acn.avs.unicast.repository.impl.StbRepositoryImplTest"/>
  <testcase name="testGetSetTopBoxWithSourceMacAddress on testGetSetTopBoxWithSourceMacAddress(com.acn.avs.unicast.repository.impl.StbRepositoryImplTest)" time="0.011" classname="com.acn.avs.unicast.repository.impl.StbRepositoryImplTest"/>
  <testcase name="testGetSetTopBoxesWithMacList2 on testGetSetTopBoxesWithMacList2(com.acn.avs.unicast.repository.impl.StbRepositoryImplTest)" time="0.01" classname="com.acn.avs.unicast.repository.impl.StbRepositoryImplTest"/>
  <testcase name="testGetSetTopBoxesWithMacList3 on testGetSetTopBoxesWithMacList3(com.acn.avs.unicast.repository.impl.StbRepositoryImplTest)" time="0.012" classname="com.acn.avs.unicast.repository.impl.StbRepositoryImplTest"/>
  <testcase name="testServiceIdHardwareValidate on testServiceIdHardwareValidate(com.acn.avs.unicast.repository.impl.StbRepositoryImplTest)" time="0.01" classname="com.acn.avs.unicast.repository.impl.StbRepositoryImplTest"/>
  <testcase name="testConnectionIdForImplicitNAT on testConnectionIdForImplicitNAT(com.acn.avs.unicast.repository.impl.StbRepositoryImplTest)" time="0.009" classname="com.acn.avs.unicast.repository.impl.StbRepositoryImplTest"/>
</testsuite> <!-- Surefire test -->
